\BOOKMARK [0][-]{chapter.1}{\376\377\000I\000n\000t\000r\000o\000d\000u\000c\000t\000i\000o\000n}{}% 1
\BOOKMARK [1][-]{section.1.1}{\376\377\000I\000n\000t\000r\000o\000d\000u\000c\000t\000i\000o\000n}{chapter.1}% 2
\BOOKMARK [2][-]{subsection.1.1.1}{\376\377\000W\000h\000y\000\040\000u\000s\000e\000\040\000N\000u\000m\000P\000y}{section.1.1}% 3
\BOOKMARK [2][-]{subsection.1.1.2}{\376\377\000W\000h\000y\000\040\000i\000s\000\040\000N\000u\000m\000P\000y\000\040\000F\000a\000s\000t\000e\000r\000\040\000T\000h\000a\000n\000\040\000L\000i\000s\000t\000?}{section.1.1}% 4
\BOOKMARK [2][-]{subsection.1.1.3}{\376\377\000W\000h\000i\000c\000h\000\040\000L\000a\000n\000g\000u\000a\000g\000e\000\040\000i\000s\000\040\000N\000u\000m\000P\000y\000\040\000W\000r\000i\000t\000t\000e\000n\000\040\000i\000n\000\040\000?}{section.1.1}% 5
\BOOKMARK [0][-]{chapter.2}{\376\377\000C\000r\000e\000a\000t\000i\000n\000g\000\040\000A\000r\000r\000a\000y\000s}{}% 6
\BOOKMARK [1][-]{section.2.1}{\376\377\000C\000r\000e\000a\000t\000e\000\040\000a\000\040\000n\000d\000a\000r\000r\000a\000y\000\040\000O\000b\000j\000e\000c\000t}{chapter.2}% 7
\BOOKMARK [2][-]{subsection.2.1.1}{\376\377\000D\000i\000m\000e\000n\000s\000i\000o\000n\000s\000\040\000i\000n\000\040\000A\000r\000r\000a\000y\000s}{section.2.1}% 8
\BOOKMARK [2][-]{subsection.2.1.2}{\376\377\000H\000i\000g\000h\000e\000r\000\040\000d\000i\000m\000e\000n\000s\000i\000o\000n\000a\000l\000\040\000A\000r\000r\000a\000y\000s}{section.2.1}% 9
\BOOKMARK [1][-]{section.2.2}{\376\377\000A\000r\000r\000a\000y\000\040\000I\000n\000d\000e\000x\000i\000n\000g}{chapter.2}% 10
\BOOKMARK [2][-]{subsection.2.2.1}{\376\377\000A\000c\000c\000e\000s\000s\000\040\000A\000r\000r\000a\000y\000\040\000E\000l\000e\000m\000e\000n\000t\000s}{section.2.2}% 11
\BOOKMARK [1][-]{section.2.3}{\376\377\000A\000r\000r\000a\000y\000\040\000S\000l\000i\000c\000i\000n\000g}{chapter.2}% 12
\BOOKMARK [2][-]{subsection.2.3.1}{\376\377\0001\000-\000D}{section.2.3}% 13
\BOOKMARK [2][-]{subsection.2.3.2}{\376\377\000S\000t\000e\000p}{section.2.3}% 14
\BOOKMARK [2][-]{subsection.2.3.3}{\376\377\0002\000-\000D}{section.2.3}% 15
\BOOKMARK [1][-]{section.2.4}{\376\377\000A\000r\000r\000a\000y\000\040\000C\000o\000p\000y\000\040\000v\000s\000\040\000V\000i\000e\000w}{chapter.2}% 16
\BOOKMARK [0][-]{chapter.3}{\376\377\000D\000a\000t\000a\000\040\000T\000y\000p\000e\000s}{}% 17
\BOOKMARK [1][-]{section.3.1}{\376\377\000D\000a\000t\000a\000\040\000T\000y\000p\000e\000s\000\040\000i\000n\000\040\000P\000y\000t\000h\000o\000n}{chapter.3}% 18
\BOOKMARK [1][-]{section.3.2}{\376\377\000D\000a\000t\000a\000\040\000T\000y\000p\000e\000s\000\040\000i\000n\000\040\000N\000u\000m\000P\000y}{chapter.3}% 19
\BOOKMARK [0][-]{chapter.4}{\376\377\000A\000r\000r\000a\000y\000\040\000S\000h\000a\000p\000e}{}% 20
\BOOKMARK [1][-]{section.4.1}{\376\377\000S\000h\000a\000p\000e\000\040\000o\000f\000\040\000A\000r\000r\000a\000y}{chapter.4}% 21
\BOOKMARK [1][-]{section.4.2}{\376\377\000A\000r\000r\000a\000y\000\040\000R\000e\000s\000h\000a\000p\000i\000n\000g}{chapter.4}% 22
\BOOKMARK [2][-]{subsection.4.2.1}{\376\377\000F\000r\000o\000m\000\040\0001\000-\000D\000\040\000t\000o\000\040\0002\000-\000D}{section.4.2}% 23
\BOOKMARK [2][-]{subsection.4.2.2}{\376\377\000F\000r\000o\000m\000\040\0001\000-\000D\000\040\000t\000o\000\040\0002\000-\000D}{section.4.2}% 24
\BOOKMARK [2][-]{subsection.4.2.3}{\376\377\000F\000r\000o\000m\000\040\0001\000-\000D\000\040\000t\000o\000\040\0003\000-\000D}{section.4.2}% 25
\BOOKMARK [2][-]{subsection.4.2.4}{\376\377\000M\000u\000l\000t\000i\000-\000D\000\040\000t\000o\000\040\0001\000-\000D}{section.4.2}% 26
\BOOKMARK [0][-]{chapter.5}{\376\377\000A\000r\000r\000a\000y\000\040\000I\000t\000e\000r\000a\000t\000i\000o\000n}{}% 27
\BOOKMARK [0][-]{chapter.6}{\376\377\000I\000n\000\040\000B\000r\000i\000e\000f}{}% 28
\BOOKMARK [1][-]{section.6.1}{\376\377\000R\000i\000g\000h\000t\000s}{chapter.6}% 29
